[0822/163113.314:ERROR:process_info.cc(632)] range at 0xc49c8d6200000000, size 0x205 fully unreadable
[0822/163113.323:ERROR:process_info.cc(632)] range at 0xc49c8dc800000000, size 0x205 fully unreadable
[0822/163113.323:ERROR:process_info.cc(632)] range at 0x0, size 0x205 fully unreadable
[0822/163145.597:ERROR:process_info.cc(632)] range at 0x43f68d6200000000, size 0x204 fully unreadable
[0822/163145.597:ERROR:process_info.cc(632)] range at 0x43f68dc800000000, size 0x204 fully unreadable
[0822/163145.597:ERROR:process_info.cc(632)] range at 0x0, size 0x204 fully unreadable
[0822/163150.778:ERROR:process_info.cc(632)] range at 0x11d48d6200000000, size 0x186 fully unreadable
[0822/163150.778:ERROR:process_info.cc(632)] range at 0x11d48dc800000000, size 0x186 fully unreadable
[0822/163150.778:ERROR:process_info.cc(632)] range at 0x0, size 0x186 fully unreadable
[0822/163319.701:ERROR:http_transport_win.cc(268)] WinHttpSendRequest: 操作超时  (0x2ee2)
[0823/155020.302:ERROR:process_info.cc(632)] range at 0xe1e9812600000000, size 0x20b fully unreadable
[0823/155020.282:ERROR:process_info.cc(632)] range at 0x31068d6a00000000, size 0x2a2 fully unreadable
[0823/155020.402:ERROR:process_info.cc(632)] range at 0xe1e9814600000000, size 0x20b fully unreadable
[0823/155020.402:ERROR:process_info.cc(632)] range at 0x31068dd200000000, size 0x2a2 fully unreadable
[0823/155020.402:ERROR:process_info.cc(632)] range at 0x0, size 0x2a2 fully unreadable
[0823/155020.402:ERROR:process_info.cc(632)] range at 0x0, size 0x20b fully unreadable
[0823/155020.536:ERROR:process_info.cc(380)] UncheckedAllocate
[0823/155226.816:ERROR:http_transport_win.cc(268)] WinHttpSendRequest: 操作超时  (0x2ee2)
[0823/165907.211:ERROR:process_info.cc(632)] range at 0xc03e8d4400000000, size 0x18d fully unreadable
[0823/165907.211:ERROR:process_info.cc(632)] range at 0xc03e8dac00000000, size 0x18d fully unreadable
[0823/165907.211:ERROR:process_info.cc(632)] range at 0x0, size 0x18d fully unreadable
[0823/170113.550:ERROR:http_transport_win.cc(268)] WinHttpSendRequest: 操作超时  (0x2ee2)
[0828/105411.014:ERROR:process_info.cc(350)] VirtualQueryEx: 拒绝访问。 (0x5)
[0828/105411.032:ERROR:process_info.cc(571)] ReadMemoryInfo failed
[0828/105411.041:ERROR:process_reader_win.cc(151)] SuspendThread: 拒绝访问。 (0x5)
[0828/105411.041:ERROR:exception_snapshot_win.cc(87)] thread ID 1936 not found in process
[0828/105411.041:WARNING:crash_report_exception_handler.cc(62)] ProcessSnapshotWin::Initialize failed
[0828/105411.041:ERROR:scoped_process_suspend.cc(39)] NtResumeProcess: 已尝试访问正在退出的过程。  (0xc000010a)
[0828/105411.172:ERROR:process_info.cc(632)] range at 0x4002825200000000, size 0x23a fully unreadable
[0828/105411.172:ERROR:process_info.cc(632)] range at 0x4002827200000000, size 0x23a fully unreadable
[0828/105411.172:ERROR:process_info.cc(632)] range at 0x0, size 0x23a fully unreadable
[0828/105617.940:ERROR:http_transport_win.cc(268)] WinHttpSendRequest: 操作超时  (0x2ee2)
